app/build/intermediates/manifest_merge_blame_file/release/processReleaseMainManifest/manifest-merger-blame-release-report.txt
1<?xml version="1.0" encoding="utf-8"?>
2<manifest xmlns:android="http://schemas.android.com/apk/res/android"
3    package="com.aistudio.videotophoto.vptxfr"
4    android:versionCode="4"
5    android:versionName="1.1.3" >
6
7    <uses-sdk
7-->INJECTED
8        android:minSdkVersion="24"
8-->INJECTED
9        android:targetSdkVersion="36" />
9-->INJECTED
10
11    <uses-permission android:name="android.permission.INTERNET" />
11-->src/main/AndroidManifest.xml:5:5-67
11-->src/main/AndroidManifest.xml:5:22-64
12    <uses-permission android:name="com.google.android.gms.permission.AD_ID" />
12-->src/main/AndroidManifest.xml:6:5-79
12-->src/main/AndroidManifest.xml:6:22-76
13    <uses-permission
13-->src/main/AndroidManifest.xml:7:5-107
14        android:name="android.permission.READ_EXTERNAL_STORAGE"
14-->src/main/AndroidManifest.xml:7:22-77
15        android:maxSdkVersion="32" />
15-->src/main/AndroidManifest.xml:7:78-104
16    <uses-permission
16-->src/main/AndroidManifest.xml:8:5-108
17        android:name="android.permission.WRITE_EXTERNAL_STORAGE"
17-->src/main/AndroidManifest.xml:8:22-78
18        android:maxSdkVersion="28" />
18-->src/main/AndroidManifest.xml:8:79-105
19    <uses-permission android:name="android.permission.READ_MEDIA_IMAGES" />
19-->src/main/AndroidManifest.xml:9:5-97
19-->src/main/AndroidManifest.xml:9:22-73
20    <uses-permission android:name="android.permission.READ_MEDIA_VIDEO" />
20-->src/main/AndroidManifest.xml:10:5-96
20-->src/main/AndroidManifest.xml:10:22-72
21    <uses-permission android:name="com.android.vending.BILLING" />
21-->src/main/AndroidManifest.xml:11:5-67
21-->src/main/AndroidManifest.xml:11:22-64
22
23    <queries>
23-->src/main/AndroidManifest.xml:13:5-21:15
24        <package android:name="com.google.android.gms" />
24-->src/main/AndroidManifest.xml:14:9-58
24-->src/main/AndroidManifest.xml:14:18-55
25        <package android:name="com.android.vending" />
25-->src/main/AndroidManifest.xml:15:9-55
25-->src/main/AndroidManifest.xml:15:18-52
26
27        <intent>
27-->src/main/AndroidManifest.xml:16:9-20:18
28            <action android:name="android.intent.action.VIEW" />
28-->src/main/AndroidManifest.xml:17:13-65
28-->src/main/AndroidManifest.xml:17:21-62
29
30            <category android:name="android.intent.category.BROWSABLE" />
30-->src/main/AndroidManifest.xml:18:13-74
30-->src/main/AndroidManifest.xml:18:23-71
31
32            <data android:scheme="https" />
32-->src/main/AndroidManifest.xml:19:13-44
32-->src/main/AndroidManifest.xml:19:19-41
33        </intent>
34        <intent>
34-->[com.android.billingclient:billing:7.1.1] AndroidManifest.xml:13:9-15:18
35            <action android:name="com.android.vending.billing.InAppBillingService.BIND" />
35-->[com.android.billingclient:billing:7.1.1] AndroidManifest.xml:14:13-91
35-->[com.android.billingclient:billing:7.1.1] AndroidManifest.xml:14:21-88
36        </intent>
37        <intent>
37-->[com.android.billingclient:billing:7.1.1] AndroidManifest.xml:16:9-18:18
38            <action android:name="com.google.android.apps.play.billingtestcompanion.BillingOverrideService.BIND" />
38-->[com.android.billingclient:billing:7.1.1] AndroidManifest.xml:17:13-116
38-->[com.android.billingclient:billing:7.1.1] AndroidManifest.xml:17:21-113
39        </intent> <!-- End of browser content -->
40        <!-- For CustomTabsService -->
41        <intent>
41-->[com.google.android.gms:play-services-ads-lite:23.6.0] AndroidManifest.xml:47:9-49:18
42            <action android:name="android.support.customtabs.action.CustomTabsService" />
42-->[com.google.android.gms:play-services-ads-lite:23.6.0] AndroidManifest.xml:48:13-90
42-->[com.google.android.gms:play-services-ads-lite:23.6.0] AndroidManifest.xml:48:21-87
43        </intent> <!-- End of CustomTabsService -->
44        <!-- For MRAID capabilities -->
45        <intent>
45-->[com.google.android.gms:play-services-ads-lite:23.6.0] AndroidManifest.xml:52:9-56:18
46            <action android:name="android.intent.action.INSERT" />
46-->[com.google.android.gms:play-services-ads-lite:23.6.0] AndroidManifest.xml:53:13-67
46-->[com.google.android.gms:play-services-ads-lite:23.6.0] AndroidManifest.xml:53:21-64
47
48            <data android:mimeType="vnd.android.cursor.dir/event" />
48-->src/main/AndroidManifest.xml:19:13-44
48-->src/main/AndroidManifest.xml:64:23-49
49        </intent>
50        <intent>
50-->[com.google.android.gms:play-services-ads-lite:23.6.0] AndroidManifest.xml:57:9-61:18
51            <action android:name="android.intent.action.VIEW" />
51-->src/main/AndroidManifest.xml:17:13-65
51-->src/main/AndroidManifest.xml:17:21-62
52
53            <data android:scheme="sms" />
53-->src/main/AndroidManifest.xml:19:13-44
53-->src/main/AndroidManifest.xml:19:19-41
54        </intent>
55        <intent>
55-->[com.google.android.gms:play-services-ads-lite:23.6.0] AndroidManifest.xml:62:9-66:18
56            <action android:name="android.intent.action.DIAL" />
56-->[com.google.android.gms:play-services-ads-lite:23.6.0] AndroidManifest.xml:63:13-65
56-->[com.google.android.gms:play-services-ads-lite:23.6.0] AndroidManifest.xml:63:21-62
57
58            <data android:path="tel:" />
58-->src/main/AndroidManifest.xml:19:13-44
59        </intent>
60    </queries>
61
62    <uses-permission android:name="android.permission.ACCESS_NETWORK_STATE" />
62-->[com.google.android.gms:play-services-ads-lite:23.6.0] AndroidManifest.xml:25:5-79
62-->[com.google.android.gms:play-services-ads-lite:23.6.0] AndroidManifest.xml:25:22-76
63    <uses-permission android:name="android.permission.ACCESS_ADSERVICES_AD_ID" />
63-->[com.google.android.gms:play-services-ads-lite:23.6.0] AndroidManifest.xml:27:5-82
63-->[com.google.android.gms:play-services-ads-lite:23.6.0] AndroidManifest.xml:27:22-79
64    <uses-permission android:name="android.permission.ACCESS_ADSERVICES_ATTRIBUTION" />
64-->[com.google.android.gms:play-services-ads-lite:23.6.0] AndroidManifest.xml:28:5-88
64-->[com.google.android.gms:play-services-ads-lite:23.6.0] AndroidManifest.xml:28:22-85
65    <uses-permission android:name="android.permission.ACCESS_ADSERVICES_TOPICS" />
65-->[com.google.android.gms:play-services-ads-lite:23.6.0] AndroidManifest.xml:29:5-83
65-->[com.google.android.gms:play-services-ads-lite:23.6.0] AndroidManifest.xml:29:22-80
66    <uses-permission android:name="com.google.android.providers.gsf.permission.READ_GSERVICES" />
66-->[com.google.android.recaptcha:recaptcha:18.7.1] AndroidManifest.xml:9:5-98
66-->[com.google.android.recaptcha:recaptcha:18.7.1] AndroidManifest.xml:9:22-95
67    <uses-permission android:name="android.permission.WAKE_LOCK" />
67-->[androidx.work:work-runtime:2.7.0] AndroidManifest.xml:25:5-68
67-->[androidx.work:work-runtime:2.7.0] AndroidManifest.xml:25:22-65
68    <uses-permission android:name="android.permission.FOREGROUND_SERVICE" />
68-->[androidx.work:work-runtime:2.7.0] AndroidManifest.xml:28:5-77
68-->[androidx.work:work-runtime:2.7.0] AndroidManifest.xml:28:22-74
69
70    <permission
70-->[androidx.core:core:1.18.0] AndroidManifest.xml:22:5-24:47
71        android:name="com.aistudio.videotophoto.vptxfr.DYNAMIC_RECEIVER_NOT_EXPORTED_PERMISSION"
71-->[androidx.core:core:1.18.0] AndroidManifest.xml:23:9-81
72        android:protectionLevel="signature" />
72-->[androidx.core:core:1.18.0] AndroidManifest.xml:24:9-44
73
74    <uses-permission android:name="com.aistudio.videotophoto.vptxfr.DYNAMIC_RECEIVER_NOT_EXPORTED_PERMISSION" />
74-->[androidx.core:core:1.18.0] AndroidManifest.xml:26:5-97
74-->[androidx.core:core:1.18.0] AndroidManifest.xml:26:22-94
75
76    <application
76-->src/main/AndroidManifest.xml:23:5-75:19
77        android:allowBackup="true"
77-->src/main/AndroidManifest.xml:24:9-35
78        android:appComponentFactory="androidx.core.app.CoreComponentFactory"
78-->[androidx.core:core:1.18.0] AndroidManifest.xml:28:18-86
79        android:dataExtractionRules="@xml/data_extraction_rules"
79-->src/main/AndroidManifest.xml:25:9-65
80        android:extractNativeLibs="false"
80-->INJECTED
81        android:fullBackupContent="@xml/backup_rules"
81-->src/main/AndroidManifest.xml:26:9-54
82        android:icon="@mipmap/ic_launcher"
82-->src/main/AndroidManifest.xml:27:9-43
83        android:label="@string/app_name"
83-->src/main/AndroidManifest.xml:28:9-41
84        android:roundIcon="@mipmap/ic_launcher_round"
84-->src/main/AndroidManifest.xml:29:9-54
85        android:supportsRtl="true"
85-->src/main/AndroidManifest.xml:30:9-35
86        android:theme="@style/Theme.MyApplication" >
86-->src/main/AndroidManifest.xml:31:9-51
87
88        <!-- Google AdMob Production App ID (Configured with your Publisher ID) -->
89        <meta-data
89-->src/main/AndroidManifest.xml:34:9-36:70
90            android:name="com.google.android.gms.ads.APPLICATION_ID"
90-->src/main/AndroidManifest.xml:35:13-69
91            android:value="ca-app-pub-8741391110749449~3347511713" />
91-->src/main/AndroidManifest.xml:36:13-67
92
93        <!-- Disable Firebase & Google Analytics auto-collection warnings when operating AdMob without Firebase -->
94        <meta-data
94-->src/main/AndroidManifest.xml:39:9-41:36
95            android:name="firebase_analytics_collection_deactivated"
95-->src/main/AndroidManifest.xml:40:13-69
96            android:value="true" />
96-->src/main/AndroidManifest.xml:41:13-33
97        <meta-data
97-->src/main/AndroidManifest.xml:42:9-44:37
98            android:name="google_analytics_adid_collection_enabled"
98-->src/main/AndroidManifest.xml:43:13-68
99            android:value="false" />
99-->src/main/AndroidManifest.xml:44:13-34
100        <meta-data
100-->src/main/AndroidManifest.xml:45:9-47:37
101            android:name="google_analytics_default_allow_ad_personalization_signals"
101-->src/main/AndroidManifest.xml:46:13-85
102            android:value="false" />
102-->src/main/AndroidManifest.xml:47:13-34
103
104        <activity
104-->src/main/AndroidManifest.xml:48:9-74:20
105            android:name="com.kcmitch.v2p.MainActivity"
105-->src/main/AndroidManifest.xml:49:13-41
106            android:configChanges="orientation|screenSize|screenLayout|smallestScreenSize|density|keyboard|keyboardHidden|uiMode"
106-->src/main/AndroidManifest.xml:52:13-130
107            android:exported="true"
107-->src/main/AndroidManifest.xml:50:13-36
108            android:label="@string/app_name"
108-->src/main/AndroidManifest.xml:53:13-45
109            android:launchMode="singleTask"
109-->src/main/AndroidManifest.xml:51:13-44
110            android:theme="@style/Theme.MyApplication" >
110-->src/main/AndroidManifest.xml:54:13-55
111            <intent-filter>
111-->src/main/AndroidManifest.xml:55:13-59:29
112                <action android:name="android.intent.action.MAIN" />
112-->src/main/AndroidManifest.xml:56:17-69
112-->src/main/AndroidManifest.xml:56:25-66
113
114                <category android:name="android.intent.category.LAUNCHER" />
114-->src/main/AndroidManifest.xml:58:17-77
114-->src/main/AndroidManifest.xml:58:27-74
115            </intent-filter>
116            <intent-filter>
116-->src/main/AndroidManifest.xml:61:13-66:29
117                <action android:name="android.intent.action.SEND" />
117-->src/main/AndroidManifest.xml:62:17-69
117-->src/main/AndroidManifest.xml:62:25-66
118
119                <category android:name="android.intent.category.DEFAULT" />
119-->src/main/AndroidManifest.xml:63:17-76
119-->src/main/AndroidManifest.xml:63:27-73
120
121                <data android:mimeType="video/*" />
121-->src/main/AndroidManifest.xml:19:13-44
121-->src/main/AndroidManifest.xml:64:23-49
122                <data android:mimeType="*/*" />
122-->src/main/AndroidManifest.xml:19:13-44
122-->src/main/AndroidManifest.xml:64:23-49
123            </intent-filter>
124            <intent-filter>
124-->src/main/AndroidManifest.xml:68:13-73:29
125                <action android:name="android.intent.action.SEND_MULTIPLE" />
125-->src/main/AndroidManifest.xml:69:17-78
125-->src/main/AndroidManifest.xml:69:25-75
126
127                <category android:name="android.intent.category.DEFAULT" />
127-->src/main/AndroidManifest.xml:63:17-76
127-->src/main/AndroidManifest.xml:63:27-73
128
129                <data android:mimeType="video/*" />
129-->src/main/AndroidManifest.xml:19:13-44
129-->src/main/AndroidManifest.xml:64:23-49
130                <data android:mimeType="*/*" />
130-->src/main/AndroidManifest.xml:19:13-44
130-->src/main/AndroidManifest.xml:64:23-49
131            </intent-filter>
132        </activity>
133
134        <meta-data
134-->[com.android.billingclient:billing:7.1.1] AndroidManifest.xml:22:9-24:37
135            android:name="com.google.android.play.billingclient.version"
135-->[com.android.billingclient:billing:7.1.1] AndroidManifest.xml:23:13-73
136            android:value="7.1.1" />
136-->[com.android.billingclient:billing:7.1.1] AndroidManifest.xml:24:13-34
137
138        <activity
138-->[com.android.billingclient:billing:7.1.1] AndroidManifest.xml:26:9-30:75
139            android:name="com.android.billingclient.api.ProxyBillingActivity"
139-->[com.android.billingclient:billing:7.1.1] AndroidManifest.xml:27:13-78
140            android:configChanges="keyboard|keyboardHidden|screenLayout|screenSize|orientation"
140-->[com.android.billingclient:billing:7.1.1] AndroidManifest.xml:28:13-96
141            android:exported="false"
141-->[com.android.billingclient:billing:7.1.1] AndroidManifest.xml:29:13-37
142            android:theme="@android:style/Theme.Translucent.NoTitleBar" />
142-->[com.android.billingclient:billing:7.1.1] AndroidManifest.xml:30:13-72
143        <activity
143-->[com.android.billingclient:billing:7.1.1] AndroidManifest.xml:31:9-35:75
144            android:name="com.android.billingclient.api.ProxyBillingActivityV2"
144-->[com.android.billingclient:billing:7.1.1] AndroidManifest.xml:32:13-80
145            android:configChanges="keyboard|keyboardHidden|screenLayout|screenSize|orientation"
145-->[com.android.billingclient:billing:7.1.1] AndroidManifest.xml:33:13-96
146            android:exported="false"
146-->[com.android.billingclient:billing:7.1.1] AndroidManifest.xml:34:13-37
147            android:theme="@android:style/Theme.Translucent.NoTitleBar" /> <!-- Include the AdActivity and InAppPurchaseActivity configChanges and themes. -->
147-->[com.android.billingclient:billing:7.1.1] AndroidManifest.xml:35:13-72
148        <activity
148-->[com.google.android.gms:play-services-ads-lite:23.6.0] AndroidManifest.xml:73:9-78:43
149            android:name="com.google.android.gms.ads.AdActivity"
149-->[com.google.android.gms:play-services-ads-lite:23.6.0] AndroidManifest.xml:74:13-65
150            android:configChanges="keyboard|keyboardHidden|orientation|screenLayout|uiMode|screenSize|smallestScreenSize"
150-->[com.google.android.gms:play-services-ads-lite:23.6.0] AndroidManifest.xml:75:13-122
151            android:exported="false"
151-->[com.google.android.gms:play-services-ads-lite:23.6.0] AndroidManifest.xml:76:13-37
152            android:theme="@android:style/Theme.Translucent" />
152-->[com.google.android.gms:play-services-ads-lite:23.6.0] AndroidManifest.xml:77:13-61
153
154        <provider
154-->[com.google.android.gms:play-services-ads-lite:23.6.0] AndroidManifest.xml:80:9-85:43
155            android:name="com.google.android.gms.ads.MobileAdsInitProvider"
155-->[com.google.android.gms:play-services-ads-lite:23.6.0] AndroidManifest.xml:81:13-76
156            android:authorities="com.aistudio.videotophoto.vptxfr.mobileadsinitprovider"
156-->[com.google.android.gms:play-services-ads-lite:23.6.0] AndroidManifest.xml:82:13-73
157            android:exported="false"
157-->[com.google.android.gms:play-services-ads-lite:23.6.0] AndroidManifest.xml:83:13-37
158            android:initOrder="100" />
158-->[com.google.android.gms:play-services-ads-lite:23.6.0] AndroidManifest.xml:84:13-36
159
160        <service
160-->[com.google.android.gms:play-services-ads-lite:23.6.0] AndroidManifest.xml:87:9-91:43
161            android:name="com.google.android.gms.ads.AdService"
161-->[com.google.android.gms:play-services-ads-lite:23.6.0] AndroidManifest.xml:88:13-64
162            android:enabled="true"
162-->[com.google.android.gms:play-services-ads-lite:23.6.0] AndroidManifest.xml:89:13-35
163            android:exported="false" />
163-->[com.google.android.gms:play-services-ads-lite:23.6.0] AndroidManifest.xml:90:13-37
164
165        <activity
165-->[com.google.android.gms:play-services-ads-lite:23.6.0] AndroidManifest.xml:93:9-97:43
166            android:name="com.google.android.gms.ads.OutOfContextTestingActivity"
166-->[com.google.android.gms:play-services-ads-lite:23.6.0] AndroidManifest.xml:94:13-82
167            android:configChanges="keyboard|keyboardHidden|orientation|screenLayout|uiMode|screenSize|smallestScreenSize"
167-->[com.google.android.gms:play-services-ads-lite:23.6.0] AndroidManifest.xml:95:13-122
168            android:exported="false" />
168-->[com.google.android.gms:play-services-ads-lite:23.6.0] AndroidManifest.xml:96:13-37
169        <activity
169-->[com.google.android.gms:play-services-ads-lite:23.6.0] AndroidManifest.xml:98:9-105:43
170            android:name="com.google.android.gms.ads.NotificationHandlerActivity"
170-->[com.google.android.gms:play-services-ads-lite:23.6.0] AndroidManifest.xml:99:13-82
171            android:excludeFromRecents="true"
171-->[com.google.android.gms:play-services-ads-lite:23.6.0] AndroidManifest.xml:100:13-46
172            android:exported="false"
172-->[com.google.android.gms:play-services-ads-lite:23.6.0] AndroidManifest.xml:101:13-37
173            android:launchMode="singleTask"
173-->[com.google.android.gms:play-services-ads-lite:23.6.0] AndroidManifest.xml:102:13-44
174            android:taskAffinity=""
174-->[com.google.android.gms:play-services-ads-lite:23.6.0] AndroidManifest.xml:103:13-36
175            android:theme="@android:style/Theme.Translucent.NoTitleBar" />
175-->[com.google.android.gms:play-services-ads-lite:23.6.0] AndroidManifest.xml:104:13-72
176
177        <property
177-->[com.google.android.gms:play-services-ads-lite:23.6.0] AndroidManifest.xml:107:9-109:62
178            android:name="android.adservices.AD_SERVICES_CONFIG"
178-->[com.google.android.gms:play-services-ads-lite:23.6.0] AndroidManifest.xml:108:13-65
179            android:resource="@xml/gma_ad_services_config" />
179-->[com.google.android.gms:play-services-ads-lite:23.6.0] AndroidManifest.xml:109:13-59
180
181        <service
181-->[com.google.firebase:firebase-firestore:26.4.0] AndroidManifest.xml:14:9-23:19
182            android:name="com.google.firebase.components.ComponentDiscoveryService"
182-->[com.google.firebase:firebase-firestore:26.4.0] AndroidManifest.xml:15:13-84
183            android:directBootAware="true"
183-->[com.google.firebase:firebase-common:22.1.0] AndroidManifest.xml:32:13-43
184            android:exported="false" >
184-->[com.google.firebase:firebase-firestore:26.4.0] AndroidManifest.xml:16:13-37
185            <meta-data
185-->[com.google.firebase:firebase-firestore:26.4.0] AndroidManifest.xml:17:13-19:85
186                android:name="com.google.firebase.components:com.google.firebase.firestore.FirebaseFirestoreKtxRegistrar"
186-->[com.google.firebase:firebase-firestore:26.4.0] AndroidManifest.xml:18:17-122
187                android:value="com.google.firebase.components.ComponentRegistrar" />
187-->[com.google.firebase:firebase-firestore:26.4.0] AndroidManifest.xml:19:17-82
188            <meta-data
188-->[com.google.firebase:firebase-firestore:26.4.0] AndroidManifest.xml:20:13-22:85
189                android:name="com.google.firebase.components:com.google.firebase.firestore.FirestoreRegistrar"
189-->[com.google.firebase:firebase-firestore:26.4.0] AndroidManifest.xml:21:17-111
190                android:value="com.google.firebase.components.ComponentRegistrar" />
190-->[com.google.firebase:firebase-firestore:26.4.0] AndroidManifest.xml:22:17-82
191            <meta-data
191-->[com.google.firebase:firebase-appcheck-recaptcha:19.0.0] AndroidManifest.xml:24:13-26:85
192                android:name="com.google.firebase.components:com.google.firebase.appcheck.recaptcha.FirebaseAppCheckRecaptchaRegistrar"
192-->[com.google.firebase:firebase-appcheck-recaptcha:19.0.0] AndroidManifest.xml:25:17-136
193                android:value="com.google.firebase.components.ComponentRegistrar" />
193-->[com.google.firebase:firebase-appcheck-recaptcha:19.0.0] AndroidManifest.xml:26:17-82
194            <meta-data
194-->[com.google.firebase:firebase-ai:17.13.0] AndroidManifest.xml:31:13-33:85
195                android:name="com.google.firebase.components:com.google.firebase.ai.FirebaseAIRegistrar"
195-->[com.google.firebase:firebase-ai:17.13.0] AndroidManifest.xml:32:17-105
196                android:value="com.google.firebase.components.ComponentRegistrar" />
196-->[com.google.firebase:firebase-ai:17.13.0] AndroidManifest.xml:33:17-82
197            <meta-data
197-->[com.google.firebase:firebase-appcheck:19.2.0] AndroidManifest.xml:25:13-27:85
198                android:name="com.google.firebase.components:com.google.firebase.appcheck.FirebaseAppCheckKtxRegistrar"
198-->[com.google.firebase:firebase-appcheck:19.2.0] AndroidManifest.xml:26:17-120
199                android:value="com.google.firebase.components.ComponentRegistrar" />
199-->[com.google.firebase:firebase-appcheck:19.2.0] AndroidManifest.xml:27:17-82
200            <meta-data
200-->[com.google.firebase:firebase-appcheck:19.2.0] AndroidManifest.xml:28:13-30:85
201                android:name="com.google.firebase.components:com.google.firebase.appcheck.FirebaseAppCheckRegistrar"
201-->[com.google.firebase:firebase-appcheck:19.2.0] AndroidManifest.xml:29:17-117
202                android:value="com.google.firebase.components.ComponentRegistrar" />
202-->[com.google.firebase:firebase-appcheck:19.2.0] AndroidManifest.xml:30:17-82
203            <meta-data
203-->[com.google.firebase:firebase-common:22.1.0] AndroidManifest.xml:35:13-37:85
204                android:name="com.google.firebase.components:com.google.firebase.FirebaseCommonKtxRegistrar"
204-->[com.google.firebase:firebase-common:22.1.0] AndroidManifest.xml:36:17-109
205                android:value="com.google.firebase.components.ComponentRegistrar" />
205-->[com.google.firebase:firebase-common:22.1.0] AndroidManifest.xml:37:17-82
206        </service>
207
208        <provider
208-->[com.google.firebase:firebase-common:22.1.0] AndroidManifest.xml:23:9-28:39
209            android:name="com.google.firebase.provider.FirebaseInitProvider"
209-->[com.google.firebase:firebase-common:22.1.0] AndroidManifest.xml:24:13-77
210            android:authorities="com.aistudio.videotophoto.vptxfr.firebaseinitprovider"
210-->[com.google.firebase:firebase-common:22.1.0] AndroidManifest.xml:25:13-72
211            android:directBootAware="true"
211-->[com.google.firebase:firebase-common:22.1.0] AndroidManifest.xml:26:13-43
212            android:exported="false"
212-->[com.google.firebase:firebase-common:22.1.0] AndroidManifest.xml:27:13-37
213            android:initOrder="100" />
213-->[com.google.firebase:firebase-common:22.1.0] AndroidManifest.xml:28:13-36
214
215        <activity
215-->[com.google.android.gms:play-services-base:18.9.0] AndroidManifest.xml:20:9-22:45
216            android:name="com.google.android.gms.common.api.GoogleApiActivity"
216-->[com.google.android.gms:play-services-base:18.9.0] AndroidManifest.xml:20:19-85
217            android:exported="false"
217-->[com.google.android.gms:play-services-base:18.9.0] AndroidManifest.xml:22:19-43
218            android:theme="@android:style/Theme.Translucent.NoTitleBar" />
218-->[com.google.android.gms:play-services-base:18.9.0] AndroidManifest.xml:21:19-78
219
220        <provider
220-->[androidx.work:work-runtime:2.7.0] AndroidManifest.xml:31:9-39:20
221            android:name="androidx.startup.InitializationProvider"
221-->[androidx.work:work-runtime:2.7.0] AndroidManifest.xml:32:13-67
222            android:authorities="com.aistudio.videotophoto.vptxfr.androidx-startup"
222-->[androidx.work:work-runtime:2.7.0] AndroidManifest.xml:33:13-68
223            android:exported="false" >
223-->[androidx.work:work-runtime:2.7.0] AndroidManifest.xml:34:13-37
224            <meta-data
224-->[androidx.work:work-runtime:2.7.0] AndroidManifest.xml:36:13-38:52
225                android:name="androidx.work.WorkManagerInitializer"
225-->[androidx.work:work-runtime:2.7.0] AndroidManifest.xml:37:17-68
226                android:value="androidx.startup" />
226-->[androidx.work:work-runtime:2.7.0] AndroidManifest.xml:38:17-49
227            <meta-data
227-->[androidx.emoji2:emoji2:1.3.0] AndroidManifest.xml:29:13-31:52
228                android:name="androidx.emoji2.text.EmojiCompatInitializer"
228-->[androidx.emoji2:emoji2:1.3.0] AndroidManifest.xml:30:17-75
229                android:value="androidx.startup" />
229-->[androidx.emoji2:emoji2:1.3.0] AndroidManifest.xml:31:17-49
230            <meta-data
230-->[androidx.lifecycle:lifecycle-process:2.8.7] AndroidManifest.xml:29:13-31:52
231                android:name="androidx.lifecycle.ProcessLifecycleInitializer"
231-->[androidx.lifecycle:lifecycle-process:2.8.7] AndroidManifest.xml:30:17-78
232                android:value="androidx.startup" />
232-->[androidx.lifecycle:lifecycle-process:2.8.7] AndroidManifest.xml:31:17-49
233            <meta-data
233-->[androidx.profileinstaller:profileinstaller:1.4.0] AndroidManifest.xml:29:13-31:52
234                android:name="androidx.profileinstaller.ProfileInstallerInitializer"
234-->[androidx.profileinstaller:profileinstaller:1.4.0] AndroidManifest.xml:30:17-85
235                android:value="androidx.startup" />
235-->[androidx.profileinstaller:profileinstaller:1.4.0] AndroidManifest.xml:31:17-49
236        </provider>
237
238        <service
238-->[androidx.work:work-runtime:2.7.0] AndroidManifest.xml:41:9-46:35
239            android:name="androidx.work.impl.background.systemalarm.SystemAlarmService"
239-->[androidx.work:work-runtime:2.7.0] AndroidManifest.xml:42:13-88
240            android:directBootAware="false"
240-->[androidx.work:work-runtime:2.7.0] AndroidManifest.xml:43:13-44
241            android:enabled="@bool/enable_system_alarm_service_default"
241-->[androidx.work:work-runtime:2.7.0] AndroidManifest.xml:44:13-72
242            android:exported="false" />
242-->[androidx.work:work-runtime:2.7.0] AndroidManifest.xml:45:13-37
243        <service
243-->[androidx.work:work-runtime:2.7.0] AndroidManifest.xml:47:9-53:35
244            android:name="androidx.work.impl.background.systemjob.SystemJobService"
244-->[androidx.work:work-runtime:2.7.0] AndroidManifest.xml:48:13-84
245            android:directBootAware="false"
245-->[androidx.work:work-runtime:2.7.0] AndroidManifest.xml:49:13-44
246            android:enabled="@bool/enable_system_job_service_default"
246-->[androidx.work:work-runtime:2.7.0] AndroidManifest.xml:50:13-70
247            android:exported="true"
247-->[androidx.work:work-runtime:2.7.0] AndroidManifest.xml:51:13-36
248            android:permission="android.permission.BIND_JOB_SERVICE" />
248-->[androidx.work:work-runtime:2.7.0] AndroidManifest.xml:52:13-69
249        <service
249-->[androidx.work:work-runtime:2.7.0] AndroidManifest.xml:54:9-59:35
250            android:name="androidx.work.impl.foreground.SystemForegroundService"
250-->[androidx.work:work-runtime:2.7.0] AndroidManifest.xml:55:13-81
251            android:directBootAware="false"
251-->[androidx.work:work-runtime:2.7.0] AndroidManifest.xml:56:13-44
252            android:enabled="@bool/enable_system_foreground_service_default"
252-->[androidx.work:work-runtime:2.7.0] AndroidManifest.xml:57:13-77
253            android:exported="false" />
253-->[androidx.work:work-runtime:2.7.0] AndroidManifest.xml:58:13-37
254
255        <receiver
255-->[androidx.work:work-runtime:2.7.0] AndroidManifest.xml:61:9-66:35
256            android:name="androidx.work.impl.utils.ForceStopRunnable$BroadcastReceiver"
256-->[androidx.work:work-runtime:2.7.0] AndroidManifest.xml:62:13-88
257            android:directBootAware="false"
257-->[androidx.work:work-runtime:2.7.0] AndroidManifest.xml:63:13-44
258            android:enabled="true"
258-->[androidx.work:work-runtime:2.7.0] AndroidManifest.xml:64:13-35
259            android:exported="false" />
259-->[androidx.work:work-runtime:2.7.0] AndroidManifest.xml:65:13-37
260        <receiver
260-->[androidx.work:work-runtime:2.7.0] AndroidManifest.xml:67:9-77:20
261            android:name="androidx.work.impl.background.systemalarm.ConstraintProxy$BatteryChargingProxy"
261-->[androidx.work:work-runtime:2.7.0] AndroidManifest.xml:68:13-106
262            android:directBootAware="false"
262-->[androidx.work:work-runtime:2.7.0] AndroidManifest.xml:69:13-44
263            android:enabled="false"
263-->[androidx.work:work-runtime:2.7.0] AndroidManifest.xml:70:13-36
264            android:exported="false" >
264-->[androidx.work:work-runtime:2.7.0] AndroidManifest.xml:71:13-37
265            <intent-filter>
265-->[androidx.work:work-runtime:2.7.0] AndroidManifest.xml:73:13-76:29
266                <action android:name="android.intent.action.ACTION_POWER_CONNECTED" />
266-->[androidx.work:work-runtime:2.7.0] AndroidManifest.xml:74:17-87
266-->[androidx.work:work-runtime:2.7.0] AndroidManifest.xml:74:25-84
267                <action android:name="android.intent.action.ACTION_POWER_DISCONNECTED" />
267-->[androidx.work:work-runtime:2.7.0] AndroidManifest.xml:75:17-90
267-->[androidx.work:work-runtime:2.7.0] AndroidManifest.xml:75:25-87
268            </intent-filter>
269        </receiver>
270        <receiver
270-->[androidx.work:work-runtime:2.7.0] AndroidManifest.xml:78:9-88:20